This is pdfTeX, Version 3.141592653-2.6-1.40.22 (TeX Live 2022/dev/Debian) (preloaded format=pdflatex 2026.5.14)  14 MAY 2026 10:40
entering extended mode
 restricted \write18 enabled.
 %&-line parsing enabled.
**final_report_v2.tex
(./final_report_v2.tex
LaTeX2e <2021-11-15> patch level 1
L3 programming layer <2022-01-21>
(/usr/share/texlive/texmf-dist/tex/latex/base/article.cls
Document Class: article 2021/10/04 v1.4n Standard LaTeX document class
(/usr/share/texlive/texmf-dist/tex/latex/base/size12.clo
File: size12.clo 2021/10/04 v1.4n Standard LaTeX file (size option)
)
\c@part=\count185
\c@section=\count186
\c@subsection=\count187
\c@subsubsection=\count188
\c@paragraph=\count189
\c@subparagraph=\count190
\c@figure=\count191
\c@table=\count192
\abovecaptionskip=\skip47
\belowcaptionskip=\skip48
\bibindent=\dimen138
)
(/usr/share/texlive/texmf-dist/tex/latex/base/inputenc.sty
Package: inputenc 2021/02/14 v1.3d Input encoding file
\inpenc@prehook=\toks16
\inpenc@posthook=\toks17
)
(/usr/share/texlive/texmf-dist/tex/latex/geometry/geometry.sty
Package: geometry 2020/01/02 v5.9 Page Geometry

(/usr/share/texlive/texmf-dist/tex/latex/graphics/keyval.sty
Package: keyval 2014/10/28 v1.15 key=value parser (DPC)
\KV@toks@=\toks18
)
(/usr/share/texlive/texmf-dist/tex/generic/iftex/ifvtex.sty
Package: ifvtex 2019/10/25 v1.7 ifvtex legacy package. Use iftex instead.

(/usr/share/texlive/texmf-dist/tex/generic/iftex/iftex.sty
Package: iftex 2020/03/06 v1.0d TeX engine tests
))
\Gm@cnth=\count193
\Gm@cntv=\count194
\c@Gm@tempcnt=\count195
\Gm@bindingoffset=\dimen139
\Gm@wd@mp=\dimen140
\Gm@odd@mp=\dimen141
\Gm@even@mp=\dimen142
\Gm@layoutwidth=\dimen143
\Gm@layoutheight=\dimen144
\Gm@layouthoffset=\dimen145
\Gm@layoutvoffset=\dimen146
\Gm@dimlist=\toks19
)
(/usr/share/texlive/texmf-dist/tex/latex/amsmath/amsmath.sty
Package: amsmath 2021/10/15 v2.17l AMS math features
\@mathmargin=\skip49

For additional information on amsmath, use the `?' option.
(/usr/share/texlive/texmf-dist/tex/latex/amsmath/amstext.sty
Package: amstext 2021/08/26 v2.01 AMS text

(/usr/share/texlive/texmf-dist/tex/latex/amsmath/amsgen.sty
File: amsgen.sty 1999/11/30 v2.0 generic functions
\@emptytoks=\toks20
\ex@=\dimen147
))
(/usr/share/texlive/texmf-dist/tex/latex/amsmath/amsbsy.sty
Package: amsbsy 1999/11/29 v1.2d Bold Symbols
\pmbraise@=\dimen148
)
(/usr/share/texlive/texmf-dist/tex/latex/amsmath/amsopn.sty
Package: amsopn 2021/08/26 v2.02 operator names
)
\inf@bad=\count196
LaTeX Info: Redefining \frac on input line 234.
\uproot@=\count197
\leftroot@=\count198
LaTeX Info: Redefining \overline on input line 399.
\classnum@=\count199
\DOTSCASE@=\count266
LaTeX Info: Redefining \ldots on input line 496.
LaTeX Info: Redefining \dots on input line 499.
LaTeX Info: Redefining \cdots on input line 620.
\Mathstrutbox@=\box50
\strutbox@=\box51
\big@size=\dimen149
LaTeX Font Info:    Redeclaring font encoding OML on input line 743.
LaTeX Font Info:    Redeclaring font encoding OMS on input line 744.
\macc@depth=\count267
\c@MaxMatrixCols=\count268
\dotsspace@=\muskip16
\c@parentequation=\count269
\dspbrk@lvl=\count270
\tag@help=\toks21
\row@=\count271
\column@=\count272
\maxfields@=\count273
\andhelp@=\toks22
\eqnshift@=\dimen150
\alignsep@=\dimen151
\tagshift@=\dimen152
\tagwidth@=\dimen153
\totwidth@=\dimen154
\lineht@=\dimen155
\@envbody=\toks23
\multlinegap=\skip50
\multlinetaggap=\skip51
\mathdisplay@stack=\toks24
LaTeX Info: Redefining \[ on input line 2938.
LaTeX Info: Redefining \] on input line 2939.
)
(/usr/share/texlive/texmf-dist/tex/latex/graphics/graphicx.sty
Package: graphicx 2021/09/16 v1.2d Enhanced LaTeX Graphics (DPC,SPQR)

(/usr/share/texlive/texmf-dist/tex/latex/graphics/graphics.sty
Package: graphics 2021/03/04 v1.4d Standard LaTeX Graphics (DPC,SPQR)

(/usr/share/texlive/texmf-dist/tex/latex/graphics/trig.sty
Package: trig 2021/08/11 v1.11 sin cos tan (DPC)
)
(/usr/share/texlive/texmf-dist/tex/latex/graphics-cfg/graphics.cfg
File: graphics.cfg 2016/06/04 v1.11 sample graphics configuration
)
Package graphics Info: Driver file: pdftex.def on input line 107.

(/usr/share/texlive/texmf-dist/tex/latex/graphics-def/pdftex.def
File: pdftex.def 2020/10/05 v1.2a Graphics/color driver for pdftex
))
\Gin@req@height=\dimen156
\Gin@req@width=\dimen157
)
(/usr/share/texlive/texmf-dist/tex/latex/l3backend/l3backend-pdftex.def
File: l3backend-pdftex.def 2022-01-12 L3 backend support: PDF output (pdfTeX)
\l__color_backend_stack_int=\count274
\l__pdf_internal_box=\box52
)
(./final_report_v2.aux)
\openout1 = `final_report_v2.aux'.

LaTeX Font Info:    Checking defaults for OML/cmm/m/it on input line 11.
LaTeX Font Info:    ... okay on input line 11.
LaTeX Font Info:    Checking defaults for OMS/cmsy/m/n on input line 11.
LaTeX Font Info:    ... okay on input line 11.
LaTeX Font Info:    Checking defaults for OT1/cmr/m/n on input line 11.
LaTeX Font Info:    ... okay on input line 11.
LaTeX Font Info:    Checking defaults for T1/cmr/m/n on input line 11.
LaTeX Font Info:    ... okay on input line 11.
LaTeX Font Info:    Checking defaults for TS1/cmr/m/n on input line 11.
LaTeX Font Info:    ... okay on input line 11.
LaTeX Font Info:    Checking defaults for OMX/cmex/m/n on input line 11.
LaTeX Font Info:    ... okay on input line 11.
LaTeX Font Info:    Checking defaults for U/cmr/m/n on input line 11.
LaTeX Font Info:    ... okay on input line 11.

*geometry* driver: auto-detecting
*geometry* detected driver: pdftex
*geometry* verbose mode - [ preamble ] result:
* driver: pdftex
* paper: a4paper
* layout: <same size as paper>
* layoutoffset:(h,v)=(0.0pt,0.0pt)
* modes: 
* h-part:(L,W,R)=(72.26999pt, 452.9679pt, 72.26999pt)
* v-part:(T,H,B)=(72.26999pt, 700.50687pt, 72.26999pt)
* \paperwidth=597.50787pt
* \paperheight=845.04684pt
* \textwidth=452.9679pt
* \textheight=700.50687pt
* \oddsidemargin=0.0pt
* \evensidemargin=0.0pt
* \topmargin=-37.0pt
* \headheight=12.0pt
* \headsep=25.0pt
* \topskip=12.0pt
* \footskip=30.0pt
* \marginparwidth=35.0pt
* \marginparsep=10.0pt
* \columnsep=10.0pt
* \skip\footins=10.8pt plus 4.0pt minus 2.0pt
* \hoffset=0.0pt
* \voffset=0.0pt
* \mag=1000
* \@twocolumnfalse
* \@twosidefalse
* \@mparswitchfalse
* \@reversemarginfalse
* (1in=72.27pt=25.4mm, 1cm=28.453pt)

(/usr/share/texlive/texmf-dist/tex/context/base/mkii/supp-pdf.mkii
[Loading MPS to PDF converter (version 2006.09.02).]
\scratchcounter=\count275
\scratchdimen=\dimen158
\scratchbox=\box53
\nofMPsegments=\count276
\nofMParguments=\count277
\everyMPshowfont=\toks25
\MPscratchCnt=\count278
\MPscratchDim=\dimen159
\MPnumerator=\count279
\makeMPintoPDFobject=\count280
\everyMPtoPDFconversion=\toks26
) (/usr/share/texlive/texmf-dist/tex/latex/epstopdf-pkg/epstopdf-base.sty
Package: epstopdf-base 2020-01-24 v2.11 Base part for package epstopdf
Package epstopdf-base Info: Redefining graphics rule for `.eps' on input line 4
85.

(/usr/share/texlive/texmf-dist/tex/latex/latexconfig/epstopdf-sys.cfg
File: epstopdf-sys.cfg 2010/07/13 v1.3 Configuration of (r)epstopdf for TeX Liv
e
))
[1

{/var/lib/texmf/fonts/map/pdftex/updmap/pdftex.map}]
! Undefined control sequence.
l.68 L^{CLIP}(\theta) = \mathbb
                               {E}_t\left[\min\left(r_t(\theta)\hat{A}_t, \t...
The control sequence at the end of the top line
of your error message was never \def'ed. If you have
misspelled it (e.g., `\hobx'), type `I' and the correct
spelling (e.g., `I\hbox'). Otherwise just continue,
and I'll forget about whatever was undefined.

[2]
Underfull \hbox (badness 7221) in paragraph at lines 112--113
[]\OT1/cmr/m/n/10.95 Body-frame lin-ear ve-loc-ity
 []


LaTeX Warning: `h' float specifier changed to `ht'.


LaTeX Warning: `h' float specifier changed to `ht'.


Overfull \hbox (92.24434pt too wide) in paragraph at lines 162--163
\OT1/cmr/m/n/12 The to-tal re-ward is a weighted sum of mul-ti-ple terms (from 
\OT1/cmtt/m/n/12 src/mjlab/tasks/velocity/mdp/rewards.py\OT1/cmr/m/n/12 ): 
 []

[3] [4]
<reward.png, id=29, 1512.65125pt x 1120.185pt>
File: reward.png Graphic file (type png)
<use reward.png>
Package pdftex.def Info: reward.png  used on input line 249.
(pdftex.def)             Requested size: 407.66833pt x 301.88994pt.
<reward2.png, id=31, 660.4675pt x 367.3725pt>
File: reward2.png Graphic file (type png)
<use reward2.png>
Package pdftex.def Info: reward2.png  used on input line 255.
(pdftex.def)             Requested size: 407.66833pt x 226.76517pt.
<reward3.png, id=32, 1528.71124pt x 1175.39125pt>
File: reward3.png Graphic file (type png)
<use reward3.png>
Package pdftex.def Info: reward3.png  used on input line 261.
(pdftex.def)             Requested size: 407.66833pt x 313.45006pt.
 [5] [6 <./reward.png> <./reward2.png>] [7 <./reward3.png>]
<dr_comparison.png, id=48, 1431.3475pt x 401.5pt>
File: dr_comparison.png Graphic file (type png)
<use dr_comparison.png>
Package pdftex.def Info: dr_comparison.png  used on input line 314.
(pdftex.def)             Requested size: 452.9679pt x 127.05516pt.
 [8

] [9 <./dr_comparison.png (PNG copy)>]
<flat_slope1.png, id=55, 1519.6775pt x 1041.8925pt>
File: flat_slope1.png Graphic file (type png)
<use flat_slope1.png>
Package pdftex.def Info: flat_slope1.png  used on input line 364.
(pdftex.def)             Requested size: 430.31812pt x 295.0188pt.
<flat_slope2.png, id=56, 620.3175pt x 360.34625pt>
File: flat_slope2.png Graphic file (type png)
<use flat_slope2.png>
Package pdftex.def Info: flat_slope2.png  used on input line 370.
(pdftex.def)             Requested size: 430.31812pt x 249.9753pt.
<flat_slope3.png, id=57, 1512.65125pt x 1120.185pt>
File: flat_slope3.png Graphic file (type png)
<use flat_slope3.png>
Package pdftex.def Info: flat_slope3.png  used on input line 376.
(pdftex.def)             Requested size: 430.31812pt x 318.65779pt.
 [10 <./flat_slope1.png>] [11 <./flat_slope2.png> <./flat_slope3.png>]
<rl_flat_combined.png, id=67, 969.6225pt x 351.3125pt>
File: rl_flat_combined.png Graphic file (type png)
<use rl_flat_combined.png>
Package pdftex.def Info: rl_flat_combined.png  used on input line 400.
(pdftex.def)             Requested size: 452.9679pt x 164.11981pt.
<rl_slope_combined.png, id=68, 984.67876pt x 351.3125pt>
File: rl_slope_combined.png Graphic file (type png)
<use rl_slope_combined.png>
Package pdftex.def Info: rl_slope_combined.png  used on input line 408.
(pdftex.def)             Requested size: 452.9679pt x 161.61107pt.
 [12

 <./rl_flat_combined.png (PNG copy)>] [13 <./rl_slope_combined.png (PNG copy)>]


LaTeX Warning: `!h' float specifier changed to `!ht'.


LaTeX Warning: `!h' float specifier changed to `!ht'.

[14

] [15] [16]
<mpc_combined.png, id=87, 1003.75pt x 945.5325pt>
File: mpc_combined.png Graphic file (type png)
<use mpc_combined.png>
Package pdftex.def Info: mpc_combined.png  used on input line 609.
(pdftex.def)             Requested size: 452.9679pt x 426.69762pt.
 [17] [18 <./mpc_combined.png (PNG copy)>] [19

]
<gait_combined.png, id=99, 2204.235pt x 827.09pt>
File: gait_combined.png Graphic file (type png)
<use gait_combined.png>
Package pdftex.def Info: gait_combined.png  used on input line 686.
(pdftex.def)             Requested size: 430.31812pt x 161.46489pt.
 [20 <./gait_combined.png (PNG copy)>] [21]
Overfull \hbox (1.30342pt too wide) in paragraph at lines 760--761
[]\OT1/cmr/bx/n/12 Reward shap-ing: \OT1/cmr/m/n/12 Add ex-plicit roll/pitch pe
nal-ties, in-crease lat-eral track-ing weight 
 []

[22] [23]
Overfull \hbox (5.36227pt too wide) in paragraph at lines 839--840
[]\OT1/cmr/m/n/12 Overall, this work demon-strates that both RL and MPC have co
m-ple-men-tary strengths,
 []

[24] (./final_report_v2.aux) ) 
Here is how much of TeX's memory you used:
 2680 strings out of 480247
 41700 string characters out of 5896151
 359480 words of memory out of 5000000
 20604 multiletter control sequences out of 15000+600000
 481535 words of font info for 70 fonts, out of 8000000 for 9000
 14 hyphenation exceptions out of 8191
 55i,11n,62p,705b,290s stack positions out of 5000i,500n,10000p,200000b,80000s
 </home/y/.texlive2021/texmf-var/fonts/pk/ljfour/
jknappen/ec/tcbx1095.600pk> </home/y/.texlive2021/texmf-var/fonts/pk/ljfour/jkn
appen/ec/tcrm1095.600pk> </home/y/.texlive2021/texmf-var/fonts/pk/ljfour/jknapp
en/ec/tcrm1200.600pk></usr/share/texlive/texmf-dist/fonts/type1/public/amsfonts
/cm/cmbx10.pfb></usr/share/texlive/texmf-dist/fonts/type1/public/amsfonts/cm/cm
bx12.pfb></usr/share/texlive/texmf-dist/fonts/type1/public/amsfonts/cm/cmbx6.pf
b></usr/share/texlive/texmf-dist/fonts/type1/public/amsfonts/cm/cmbx8.pfb></usr
/share/texlive/texmf-dist/fonts/type1/public/amsfonts/cm/cmex10.pfb></usr/share
/texlive/texmf-dist/fonts/type1/public/amsfonts/cm/cmmi10.pfb></usr/share/texli
ve/texmf-dist/fonts/type1/public/amsfonts/cm/cmmi12.pfb></usr/share/texlive/tex
mf-dist/fonts/type1/public/amsfonts/cm/cmmi6.pfb></usr/share/texlive/texmf-dist
/fonts/type1/public/amsfonts/cm/cmmi8.pfb></usr/share/texlive/texmf-dist/fonts/
type1/public/amsfonts/cm/cmmib10.pfb></usr/share/texlive/texmf-dist/fonts/type1
/public/amsfonts/cm/cmr10.pfb></usr/share/texlive/texmf-dist/fonts/type1/public
/amsfonts/cm/cmr12.pfb></usr/share/texlive/texmf-dist/fonts/type1/public/amsfon
ts/cm/cmr6.pfb></usr/share/texlive/texmf-dist/fonts/type1/public/amsfonts/cm/cm
r8.pfb></usr/share/texlive/texmf-dist/fonts/type1/public/amsfonts/cm/cmsy10.pfb
></usr/share/texlive/texmf-dist/fonts/type1/public/amsfonts/cm/cmsy8.pfb></usr/
share/texlive/texmf-dist/fonts/type1/public/amsfonts/cm/cmti12.pfb></usr/share/
texlive/texmf-dist/fonts/type1/public/amsfonts/cm/cmtt12.pfb>
Output written on final_report_v2.pdf (24 pages, 3083299 bytes).
PDF statistics:
 207 PDF objects out of 1000 (max. 8388607)
 121 compressed objects within 2 object streams
 0 named destinations out of 1000 (max. 500000)
 56 words of extra memory for PDF output out of 10000 (max. 10000000)

